<?xml version="1.0" encoding="UTF-8"?>
<testng-results ignored="0" total="1" passed="1" failed="0" skipped="0">
  <reporter-output>
  </reporter-output>
  <suite started-at="2023-11-10T08:48:52 IST" name="Suite" finished-at="2023-11-10T08:48:52 IST" duration-ms="86">
    <groups>
    </groups>
    <test started-at="2023-11-10T08:48:52 IST" name="Test" finished-at="2023-11-10T08:48:52 IST" duration-ms="86">
      <class name="com.accenture.MobileTest">
        <test-method signature="testA()[pri:0, instance:com.accenture.MobileTest@4e7912d8]" started-at="2023-11-10T08:48:52 IST" name="testA" finished-at="2023-11-10T08:48:52 IST" duration-ms="14" status="PASS">
          <reporter-output>
          </reporter-output>
        </test-method> <!-- testA -->
      </class> <!-- com.accenture.MobileTest -->
    </test> <!-- Test -->
  </suite> <!-- Suite -->
</testng-results>
