<?xml version="1.0" encoding="UTF-8"?>
<testng-results ignored="0" total="2" passed="2" failed="0" skipped="0">
  <reporter-output>
    <line>
      <![CDATA[TestB() --> 1.Open Browser]]>
    </line>
    <line>
      <![CDATA[TestB() --> 2.Enter url]]>
    </line>
    <line>
      <![CDATA[1.Open Browser]]>
    </line>
    <line>
      <![CDATA[2.Enter url]]>
    </line>
  </reporter-output>
  <suite started-at="2023-11-09T09:35:20 IST" name="Suite" finished-at="2023-11-09T09:35:21 IST" duration-ms="879">
    <groups>
    </groups>
    <test started-at="2023-11-09T09:35:20 IST" name="Test" finished-at="2023-11-09T09:35:21 IST" duration-ms="879">
      <class name="ExtentReportsBasics.OptimisingExtentReports3">
        <test-method signature="testB()[pri:0, instance:ExtentReportsBasics.OptimisingExtentReports3@32b260fa]" started-at="2023-11-09T09:35:21 IST" name="testB" finished-at="2023-11-09T09:35:21 IST" duration-ms="29" status="PASS">
          <reporter-output>
            <line>
              <![CDATA[TestB() --> 1.Open Browser]]>
            </line>
            <line>
              <![CDATA[TestB() --> 2.Enter url]]>
            </line>
          </reporter-output>
        </test-method> <!-- testB -->
      </class> <!-- ExtentReportsBasics.OptimisingExtentReports3 -->
      <class name="ExtentReportsBasics.OptimisingExtentReports2">
        <test-method signature="testA()[pri:0, instance:ExtentReportsBasics.OptimisingExtentReports2@581ac8a8]" started-at="2023-11-09T09:35:21 IST" name="testA" finished-at="2023-11-09T09:35:21 IST" duration-ms="5" status="PASS">
          <reporter-output>
            <line>
              <![CDATA[1.Open Browser]]>
            </line>
            <line>
              <![CDATA[2.Enter url]]>
            </line>
          </reporter-output>
        </test-method> <!-- testA -->
      </class> <!-- ExtentReportsBasics.OptimisingExtentReports2 -->
    </test> <!-- Test -->
  </suite> <!-- Suite -->
</testng-results>
